SLF4J: Class path contains multiple SLF4J bindings.
SLF4J: Found binding in [jar:file:/C:/Users/laptop368/Downloads/apache-maven-3.9.16/lib/maven-slf4j-provider-3.9.16(1).jar!/org/slf4j/impl/StaticLoggerBinder.class]
SLF4J: Found binding in [jar:file:/C:/Users/laptop368/Downloads/apache-maven-3.9.16/lib/maven-slf4j-provider-3.9.16.jar!/org/slf4j/impl/StaticLoggerBinder.class]
SLF4J: See http://www.slf4j.org/codes.html#multiple_bindings for an explanation.
SLF4J: Actual binding is of type [org.slf4j.impl.MavenSimpleLoggerFactory]
SLF4J: Class path contains multiple SLF4J bindings.
SLF4J: Found binding in [jar:file:/C:/Users/laptop368/Downloads/apache-maven-3.9.16/lib/maven-slf4j-provider-3.9.16(1).jar!/org/slf4j/impl/StaticLoggerBinder.class]
SLF4J: Found binding in [jar:file:/C:/Users/laptop368/Downloads/apache-maven-3.9.16/lib/maven-slf4j-provider-3.9.16.jar!/org/slf4j/impl/StaticLoggerBinder.class]
SLF4J: See http://www.slf4j.org/codes.html#multiple_bindings for an explanation.
SLF4J: Actual binding is of type [org.slf4j.impl.MavenSimpleLoggerFactory]
[INFO] Scanning for projects...
[WARNING] 
[WARNING] Some problems were encountered while building the effective model for com.abms:api-gateway:jar:1.0-SNAPSHOT
[WARNING] 'build.plugins.plugin.version' for org.springframework.boot:spring-boot-maven-plugin is missing. @ line 76, column 21
[WARNING] 
[WARNING] Some problems were encountered while building the effective model for com.abms:apartment-service:jar:1.0-SNAPSHOT
[WARNING] 'build.plugins.plugin.version' for org.springframework.boot:spring-boot-maven-plugin is missing. @ line 60, column 21
[WARNING] 
[WARNING] Some problems were encountered while building the effective model for com.abms:vehicle-service:jar:1.0-SNAPSHOT
[WARNING] 'build.plugins.plugin.version' for org.springframework.boot:spring-boot-maven-plugin is missing. @ line 60, column 21
[WARNING] 
[WARNING] It is highly recommended to fix these problems because they threaten the stability of your build.
[WARNING] 
[WARNING] For this reason, future Maven versions might no longer support building such malformed projects.
[WARNING] 
[INFO] 
[INFO] ---------------------< com.abms:apartment-service >---------------------
[INFO] Building apartment-service 1.0-SNAPSHOT
[INFO]   from pom.xml
[INFO] --------------------------------[ jar ]---------------------------------
[INFO] 
[INFO] >>> spring-boot:4.1.0:run (default-cli) > test-compile @ apartment-service >>>
[INFO] 
[INFO] --- resources:3.4.0:resources (default-resources) @ apartment-service ---
[WARNING] Using platform encoding (UTF-8 actually) to copy filtered resources, i.e. build is platform dependent!
[INFO] Copying 1 resource from src\main\resources to target\classes
[INFO] 
[INFO] --- compiler:3.11.0:compile (default-compile) @ apartment-service ---
[INFO] Nothing to compile - all classes are up to date
[INFO] 
[INFO] --- resources:3.4.0:testResources (default-testResources) @ apartment-service ---
[WARNING] Using platform encoding (UTF-8 actually) to copy filtered resources, i.e. build is platform dependent!
[INFO] skip non existing resourceDirectory D:\abms-project-mss301\abms-backend\apartment-service\src\test\resources
[INFO] 
[INFO] --- compiler:3.11.0:testCompile (default-testCompile) @ apartment-service ---
[INFO] No sources to compile
[INFO] 
[INFO] <<< spring-boot:4.1.0:run (default-cli) < test-compile @ apartment-service <<<
[INFO] 
[INFO] 
[INFO] --- spring-boot:4.1.0:run (default-cli) @ apartment-service ---
[INFO] Attaching agents: []

  .   ____          _            __ _ _
 /\\ / ___'_ __ _ _(_)_ __  __ _ \ \ \ \
( ( )\___ | '_ | '_| | '_ \/ _` | \ \ \ \
 \\/  ___)| |_)| | | | | || (_| |  ) ) ) )
  '  |____| .__|_| |_|_| |_\__, | / / / /
 =========|_|==============|___/=/_/_/_/
 :: Spring Boot ::                (v3.2.6)

2026-07-13T10:45:54.304+07:00  INFO 1636 --- [apartment-service] [           main] c.abms.apartment.ApartmentApplication    : Starting ApartmentApplication using Java 21.0.10 with PID 1636 (D:\abms-project-mss301\abms-backend\apartment-service\target\classes started by laptop368 in D:\abms-project-mss301\abms-backend\apartment-service)
2026-07-13T10:45:54.306+07:00  INFO 1636 --- [apartment-service] [           main] c.abms.apartment.ApartmentApplication    : No active profile set, falling back to 1 default profile: "default"
2026-07-13T10:45:54.771+07:00  INFO 1636 --- [apartment-service] [           main] .s.d.r.c.RepositoryConfigurationDelegate : Bootstrapping Spring Data JPA repositories in DEFAULT mode.
2026-07-13T10:45:54.822+07:00  INFO 1636 --- [apartment-service] [           main] .s.d.r.c.RepositoryConfigurationDelegate : Finished Spring Data repository scanning in 45 ms. Found 3 JPA repository interfaces.
2026-07-13T10:45:55.214+07:00  INFO 1636 --- [apartment-service] [           main] o.s.b.w.embedded.tomcat.TomcatWebServer  : Tomcat initialized with port 8082 (http)
2026-07-13T10:45:55.225+07:00  INFO 1636 --- [apartment-service] [           main] o.apache.catalina.core.StandardService   : Starting service [Tomcat]
2026-07-13T10:45:55.226+07:00  INFO 1636 --- [apartment-service] [           main] o.apache.catalina.core.StandardEngine    : Starting Servlet engine: [Apache Tomcat/10.1.24]
2026-07-13T10:45:55.278+07:00  INFO 1636 --- [apartment-service] [           main] o.a.c.c.C.[Tomcat].[localhost].[/]       : Initializing Spring embedded WebApplicationContext
2026-07-13T10:45:55.279+07:00  INFO 1636 --- [apartment-service] [           main] w.s.c.ServletWebServerApplicationContext : Root WebApplicationContext: initialization completed in 938 ms
2026-07-13T10:45:55.392+07:00  INFO 1636 --- [apartment-service] [           main] o.hibernate.jpa.internal.util.LogHelper  : HHH000204: Processing PersistenceUnitInfo [name: default]
2026-07-13T10:45:55.433+07:00  INFO 1636 --- [apartment-service] [           main] org.hibernate.Version                    : HHH000412: Hibernate ORM core version 6.4.8.Final
2026-07-13T10:45:55.456+07:00  INFO 1636 --- [apartment-service] [           main] o.h.c.internal.RegionFactoryInitiator    : HHH000026: Second-level cache disabled
2026-07-13T10:45:55.622+07:00  INFO 1636 --- [apartment-service] [           main] o.s.o.j.p.SpringPersistenceUnitInfo      : No LoadTimeWeaver setup: ignoring JPA class transformer
2026-07-13T10:45:55.640+07:00  INFO 1636 --- [apartment-service] [           main] com.zaxxer.hikari.HikariDataSource       : HikariPool-1 - Starting...
2026-07-13T10:45:55.780+07:00  INFO 1636 --- [apartment-service] [           main] com.zaxxer.hikari.pool.HikariPool        : HikariPool-1 - Added connection org.postgresql.jdbc.PgConnection@3a209918
2026-07-13T10:45:55.781+07:00  INFO 1636 --- [apartment-service] [           main] com.zaxxer.hikari.HikariDataSource       : HikariPool-1 - Start completed.
2026-07-13T10:45:56.493+07:00  INFO 1636 --- [apartment-service] [           main] o.h.e.t.j.p.i.JtaPlatformInitiator       : HHH000489: No JTA platform available (set 'hibernate.transaction.jta.platform' to enable JTA platform integration)
2026-07-13T10:45:56.553+07:00  INFO 1636 --- [apartment-service] [           main] j.LocalContainerEntityManagerFactoryBean : Initialized JPA EntityManagerFactory for persistence unit 'default'
2026-07-13T10:45:56.845+07:00  WARN 1636 --- [apartment-service] [           main] JpaBaseConfiguration$JpaWebConfiguration : spring.jpa.open-in-view is enabled by default. Therefore, database queries may be performed during view rendering. Explicitly configure spring.jpa.open-in-view to disable this warning
2026-07-13T10:45:57.105+07:00  INFO 1636 --- [apartment-service] [           main] o.s.b.w.embedded.tomcat.TomcatWebServer  : Tomcat started on port 8082 (http) with context path ''
2026-07-13T10:45:57.110+07:00  INFO 1636 --- [apartment-service] [           main] c.abms.apartment.ApartmentApplication    : Started ApartmentApplication in 3.113 seconds (process running for 3.376)
