SLF4J: Class path contains multiple SLF4J bindings.
SLF4J: Found binding in [jar:file:/C:/Users/laptop368/Downloads/apache-maven-3.9.16/lib/maven-slf4j-provider-3.9.16(1).jar!/org/slf4j/impl/StaticLoggerBinder.class]
SLF4J: Found binding in [jar:file:/C:/Users/laptop368/Downloads/apache-maven-3.9.16/lib/maven-slf4j-provider-3.9.16.jar!/org/slf4j/impl/StaticLoggerBinder.class]
SLF4J: See http://www.slf4j.org/codes.html#multiple_bindings for an explanation.
SLF4J: Actual binding is of type [org.slf4j.impl.MavenSimpleLoggerFactory]
SLF4J: Class path contains multiple SLF4J bindings.
SLF4J: Found binding in [jar:file:/C:/Users/laptop368/Downloads/apache-maven-3.9.16/lib/maven-slf4j-provider-3.9.16(1).jar!/org/slf4j/impl/StaticLoggerBinder.class]
SLF4J: Found binding in [jar:file:/C:/Users/laptop368/Downloads/apache-maven-3.9.16/lib/maven-slf4j-provider-3.9.16.jar!/org/slf4j/impl/StaticLoggerBinder.class]
SLF4J: See http://www.slf4j.org/codes.html#multiple_bindings for an explanation.
SLF4J: Actual binding is of type [org.slf4j.impl.MavenSimpleLoggerFactory]
[INFO] Scanning for projects...
[WARNING] 
[WARNING] Some problems were encountered while building the effective model for com.abms:api-gateway:jar:1.0-SNAPSHOT
[WARNING] 'build.plugins.plugin.version' for org.springframework.boot:spring-boot-maven-plugin is missing. @ line 76, column 21
[WARNING] 
[WARNING] Some problems were encountered while building the effective model for com.abms:apartment-service:jar:1.0-SNAPSHOT
[WARNING] 'build.plugins.plugin.version' for org.springframework.boot:spring-boot-maven-plugin is missing. @ line 60, column 21
[WARNING] 
[WARNING] Some problems were encountered while building the effective model for com.abms:vehicle-service:jar:1.0-SNAPSHOT
[WARNING] 'build.plugins.plugin.version' for org.springframework.boot:spring-boot-maven-plugin is missing. @ line 60, column 21
[WARNING] 
[WARNING] It is highly recommended to fix these problems because they threaten the stability of your build.
[WARNING] 
[WARNING] For this reason, future Maven versions might no longer support building such malformed projects.
[WARNING] 
[INFO] 
[INFO] -----------------------< com.abms:auth-service >------------------------
[INFO] Building auth-service 1.0-SNAPSHOT
[INFO]   from pom.xml
[INFO] --------------------------------[ jar ]---------------------------------
[INFO] 
[INFO] >>> spring-boot:3.2.6:run (default-cli) > test-compile @ auth-service >>>
[INFO] 
[INFO] --- resources:3.4.0:resources (default-resources) @ auth-service ---
[WARNING] Using platform encoding (UTF-8 actually) to copy filtered resources, i.e. build is platform dependent!
[INFO] Copying 1 resource from src\main\resources to target\classes
[INFO] 
[INFO] --- compiler:3.11.0:compile (default-compile) @ auth-service ---
[INFO] Nothing to compile - all classes are up to date
[INFO] 
[INFO] --- resources:3.4.0:testResources (default-testResources) @ auth-service ---
[WARNING] Using platform encoding (UTF-8 actually) to copy filtered resources, i.e. build is platform dependent!
[INFO] skip non existing resourceDirectory D:\abms-project-mss301\abms-backend\auth-service\src\test\resources
[INFO] 
[INFO] --- compiler:3.11.0:testCompile (default-testCompile) @ auth-service ---
[INFO] No sources to compile
[INFO] 
[INFO] <<< spring-boot:3.2.6:run (default-cli) < test-compile @ auth-service <<<
[INFO] 
[INFO] 
[INFO] --- spring-boot:3.2.6:run (default-cli) @ auth-service ---
[INFO] Attaching agents: []

  .   ____          _            __ _ _
 /\\ / ___'_ __ _ _(_)_ __  __ _ \ \ \ \
( ( )\___ | '_ | '_| | '_ \/ _` | \ \ \ \
 \\/  ___)| |_)| | | | | || (_| |  ) ) ) )
  '  |____| .__|_| |_|_| |_\__, | / / / /
 =========|_|==============|___/=/_/_/_/
 :: Spring Boot ::                (v3.2.6)

2026-07-13T10:45:54.267+07:00  INFO 21752 --- [auth-service] [           main] com.abms.auth.AuthApplication            : Starting AuthApplication using Java 21.0.10 with PID 21752 (D:\abms-project-mss301\abms-backend\auth-service\target\classes started by laptop368 in D:\abms-project-mss301\abms-backend\auth-service)
2026-07-13T10:45:54.269+07:00  INFO 21752 --- [auth-service] [           main] com.abms.auth.AuthApplication            : No active profile set, falling back to 1 default profile: "default"
2026-07-13T10:45:54.768+07:00  INFO 21752 --- [auth-service] [           main] .s.d.r.c.RepositoryConfigurationDelegate : Bootstrapping Spring Data JPA repositories in DEFAULT mode.
2026-07-13T10:45:54.822+07:00  INFO 21752 --- [auth-service] [           main] .s.d.r.c.RepositoryConfigurationDelegate : Finished Spring Data repository scanning in 48 ms. Found 2 JPA repository interfaces.
2026-07-13T10:45:55.239+07:00  INFO 21752 --- [auth-service] [           main] o.s.b.w.embedded.tomcat.TomcatWebServer  : Tomcat initialized with port 8081 (http)
2026-07-13T10:45:55.251+07:00  INFO 21752 --- [auth-service] [           main] o.apache.catalina.core.StandardService   : Starting service [Tomcat]
2026-07-13T10:45:55.251+07:00  INFO 21752 --- [auth-service] [           main] o.apache.catalina.core.StandardEngine    : Starting Servlet engine: [Apache Tomcat/10.1.24]
2026-07-13T10:45:55.295+07:00  INFO 21752 --- [auth-service] [           main] o.a.c.c.C.[Tomcat].[localhost].[/]       : Initializing Spring embedded WebApplicationContext
2026-07-13T10:45:55.295+07:00  INFO 21752 --- [auth-service] [           main] w.s.c.ServletWebServerApplicationContext : Root WebApplicationContext: initialization completed in 990 ms
2026-07-13T10:45:55.405+07:00  INFO 21752 --- [auth-service] [           main] o.hibernate.jpa.internal.util.LogHelper  : HHH000204: Processing PersistenceUnitInfo [name: default]
2026-07-13T10:45:55.445+07:00  INFO 21752 --- [auth-service] [           main] org.hibernate.Version                    : HHH000412: Hibernate ORM core version 6.4.8.Final
2026-07-13T10:45:55.467+07:00  INFO 21752 --- [auth-service] [           main] o.h.c.internal.RegionFactoryInitiator    : HHH000026: Second-level cache disabled
2026-07-13T10:45:55.623+07:00  INFO 21752 --- [auth-service] [           main] o.s.o.j.p.SpringPersistenceUnitInfo      : No LoadTimeWeaver setup: ignoring JPA class transformer
2026-07-13T10:45:55.641+07:00  INFO 21752 --- [auth-service] [           main] com.zaxxer.hikari.HikariDataSource       : HikariPool-1 - Starting...
2026-07-13T10:45:55.780+07:00  INFO 21752 --- [auth-service] [           main] com.zaxxer.hikari.pool.HikariPool        : HikariPool-1 - Added connection org.postgresql.jdbc.PgConnection@2bb717d7
2026-07-13T10:45:55.781+07:00  INFO 21752 --- [auth-service] [           main] com.zaxxer.hikari.HikariDataSource       : HikariPool-1 - Start completed.
2026-07-13T10:45:56.502+07:00  INFO 21752 --- [auth-service] [           main] o.h.e.t.j.p.i.JtaPlatformInitiator       : HHH000489: No JTA platform available (set 'hibernate.transaction.jta.platform' to enable JTA platform integration)
2026-07-13T10:45:56.560+07:00  INFO 21752 --- [auth-service] [           main] j.LocalContainerEntityManagerFactoryBean : Initialized JPA EntityManagerFactory for persistence unit 'default'
2026-07-13T10:45:56.864+07:00  WARN 21752 --- [auth-service] [           main] JpaBaseConfiguration$JpaWebConfiguration : spring.jpa.open-in-view is enabled by default. Therefore, database queries may be performed during view rendering. Explicitly configure spring.jpa.open-in-view to disable this warning
2026-07-13T10:45:56.887+07:00  WARN 21752 --- [auth-service] [           main] .s.s.UserDetailsServiceAutoConfiguration : 

Using generated security password: 4872fc56-1b73-4468-a1aa-d75944e4c809

This generated password is for development use only. Your security configuration must be updated before running your application in production.

2026-07-13T10:45:57.080+07:00  INFO 21752 --- [auth-service] [           main] o.s.s.web.DefaultSecurityFilterChain     : Will secure any request with [org.springframework.security.web.session.DisableEncodeUrlFilter@16e0afab, org.springframework.security.web.context.request.async.WebAsyncManagerIntegrationFilter@7b9b6a56, org.springframework.security.web.context.SecurityContextHolderFilter@63c66980, org.springframework.security.web.header.HeaderWriterFilter@6859bbd4, org.springframework.web.filter.CorsFilter@6e111aeb, org.springframework.security.web.authentication.logout.LogoutFilter@4d3bde85, org.springframework.security.web.savedrequest.RequestCacheAwareFilter@6dc5e857, org.springframework.security.web.servletapi.SecurityContextHolderAwareRequestFilter@5ce0f50a, org.springframework.security.web.authentication.AnonymousAuthenticationFilter@55a5eea3, org.springframework.security.web.session.SessionManagementFilter@2e88ad38, org.springframework.security.web.access.ExceptionTranslationFilter@684bfba9, org.springframework.security.web.access.intercept.AuthorizationFilter@2319c1e0]
2026-07-13T10:45:57.242+07:00  INFO 21752 --- [auth-service] [           main] o.s.b.w.embedded.tomcat.TomcatWebServer  : Tomcat started on port 8081 (http) with context path ''
2026-07-13T10:45:57.247+07:00  INFO 21752 --- [auth-service] [           main] com.abms.auth.AuthApplication            : Started AuthApplication in 3.297 seconds (process running for 3.594)
2026-07-13T10:53:45.693+07:00  INFO 21752 --- [auth-service] [nio-8081-exec-1] o.a.c.c.C.[Tomcat].[localhost].[/]       : Initializing Spring DispatcherServlet 'dispatcherServlet'
2026-07-13T10:53:45.693+07:00  INFO 21752 --- [auth-service] [nio-8081-exec-1] o.s.web.servlet.DispatcherServlet        : Initializing Servlet 'dispatcherServlet'
2026-07-13T10:53:45.694+07:00  INFO 21752 --- [auth-service] [nio-8081-exec-1] o.s.web.servlet.DispatcherServlet        : Completed initialization in 1 ms
