SLF4J: Class path contains multiple SLF4J bindings.
SLF4J: Found binding in [jar:file:/C:/Users/laptop368/Downloads/apache-maven-3.9.16/lib/maven-slf4j-provider-3.9.16(1).jar!/org/slf4j/impl/StaticLoggerBinder.class]
SLF4J: Found binding in [jar:file:/C:/Users/laptop368/Downloads/apache-maven-3.9.16/lib/maven-slf4j-provider-3.9.16.jar!/org/slf4j/impl/StaticLoggerBinder.class]
SLF4J: See http://www.slf4j.org/codes.html#multiple_bindings for an explanation.
SLF4J: Actual binding is of type [org.slf4j.impl.MavenSimpleLoggerFactory]
SLF4J: Class path contains multiple SLF4J bindings.
SLF4J: Found binding in [jar:file:/C:/Users/laptop368/Downloads/apache-maven-3.9.16/lib/maven-slf4j-provider-3.9.16(1).jar!/org/slf4j/impl/StaticLoggerBinder.class]
SLF4J: Found binding in [jar:file:/C:/Users/laptop368/Downloads/apache-maven-3.9.16/lib/maven-slf4j-provider-3.9.16.jar!/org/slf4j/impl/StaticLoggerBinder.class]
SLF4J: See http://www.slf4j.org/codes.html#multiple_bindings for an explanation.
SLF4J: Actual binding is of type [org.slf4j.impl.MavenSimpleLoggerFactory]

  .   ____          _            __ _ _
 /\\ / ___'_ __ _ _(_)_ __  __ _ \ \ \ \
( ( )\___ | '_ | '_| | '_ \/ _` | \ \ \ \
 \\/  ___)| |_)| | | | | || (_| |  ) ) ) )
  '  |____| .__|_| |_|_| |_\__, | / / / /
 =========|_|==============|___/=/_/_/_/
 :: Spring Boot ::                (v3.2.6)

2026-07-09T22:37:09.851+07:00  INFO 592 --- [vehicle-service] [           main] com.abms.vehicle.VehicleApplication      : Starting VehicleApplication using Java 21.0.10 with PID 592 (D:\abms-backend\vehicle-service\target\classes started by laptop368 in D:\abms-backend\vehicle-service)
2026-07-09T22:37:09.853+07:00  INFO 592 --- [vehicle-service] [           main] com.abms.vehicle.VehicleApplication      : No active profile set, falling back to 1 default profile: "default"
2026-07-09T22:37:10.304+07:00  INFO 592 --- [vehicle-service] [           main] .s.d.r.c.RepositoryConfigurationDelegate : Bootstrapping Spring Data JPA repositories in DEFAULT mode.
2026-07-09T22:37:10.351+07:00  INFO 592 --- [vehicle-service] [           main] .s.d.r.c.RepositoryConfigurationDelegate : Finished Spring Data repository scanning in 40 ms. Found 2 JPA repository interfaces.
2026-07-09T22:37:10.735+07:00  INFO 592 --- [vehicle-service] [           main] o.s.b.w.embedded.tomcat.TomcatWebServer  : Tomcat initialized with port 8083 (http)
2026-07-09T22:37:10.746+07:00  INFO 592 --- [vehicle-service] [           main] o.apache.catalina.core.StandardService   : Starting service [Tomcat]
2026-07-09T22:37:10.746+07:00  INFO 592 --- [vehicle-service] [           main] o.apache.catalina.core.StandardEngine    : Starting Servlet engine: [Apache Tomcat/10.1.24]
2026-07-09T22:37:10.789+07:00  INFO 592 --- [vehicle-service] [           main] o.a.c.c.C.[Tomcat].[localhost].[/]       : Initializing Spring embedded WebApplicationContext
2026-07-09T22:37:10.790+07:00  INFO 592 --- [vehicle-service] [           main] w.s.c.ServletWebServerApplicationContext : Root WebApplicationContext: initialization completed in 906 ms
2026-07-09T22:37:10.896+07:00  INFO 592 --- [vehicle-service] [           main] o.hibernate.jpa.internal.util.LogHelper  : HHH000204: Processing PersistenceUnitInfo [name: default]
2026-07-09T22:37:10.931+07:00  INFO 592 --- [vehicle-service] [           main] org.hibernate.Version                    : HHH000412: Hibernate ORM core version 6.4.8.Final
2026-07-09T22:37:10.956+07:00  INFO 592 --- [vehicle-service] [           main] o.h.c.internal.RegionFactoryInitiator    : HHH000026: Second-level cache disabled
2026-07-09T22:37:11.113+07:00  INFO 592 --- [vehicle-service] [           main] o.s.o.j.p.SpringPersistenceUnitInfo      : No LoadTimeWeaver setup: ignoring JPA class transformer
2026-07-09T22:37:11.131+07:00  INFO 592 --- [vehicle-service] [           main] com.zaxxer.hikari.HikariDataSource       : HikariPool-1 - Starting...
2026-07-09T22:37:11.252+07:00  INFO 592 --- [vehicle-service] [           main] com.zaxxer.hikari.pool.HikariPool        : HikariPool-1 - Added connection org.postgresql.jdbc.PgConnection@1e191150
2026-07-09T22:37:11.254+07:00  INFO 592 --- [vehicle-service] [           main] com.zaxxer.hikari.HikariDataSource       : HikariPool-1 - Start completed.
2026-07-09T22:37:11.927+07:00  INFO 592 --- [vehicle-service] [           main] o.h.e.t.j.p.i.JtaPlatformInitiator       : HHH000489: No JTA platform available (set 'hibernate.transaction.jta.platform' to enable JTA platform integration)
2026-07-09T22:37:11.967+07:00  INFO 592 --- [vehicle-service] [           main] j.LocalContainerEntityManagerFactoryBean : Initialized JPA EntityManagerFactory for persistence unit 'default'
2026-07-09T22:37:12.240+07:00  WARN 592 --- [vehicle-service] [           main] JpaBaseConfiguration$JpaWebConfiguration : spring.jpa.open-in-view is enabled by default. Therefore, database queries may be performed during view rendering. Explicitly configure spring.jpa.open-in-view to disable this warning
2026-07-09T22:37:12.476+07:00  INFO 592 --- [vehicle-service] [           main] o.s.b.w.embedded.tomcat.TomcatWebServer  : Tomcat started on port 8083 (http) with context path ''
2026-07-09T22:37:12.481+07:00  INFO 592 --- [vehicle-service] [           main] com.abms.vehicle.VehicleApplication      : Started VehicleApplication in 2.925 seconds (process running for 3.178)
2026-07-09T22:37:40.686+07:00  INFO 592 --- [vehicle-service] [nio-8083-exec-1] o.a.c.c.C.[Tomcat].[localhost].[/]       : Initializing Spring DispatcherServlet 'dispatcherServlet'
2026-07-09T22:37:40.686+07:00  INFO 592 --- [vehicle-service] [nio-8083-exec-1] o.s.web.servlet.DispatcherServlet        : Initializing Servlet 'dispatcherServlet'
2026-07-09T22:37:40.687+07:00  INFO 592 --- [vehicle-service] [nio-8083-exec-1] o.s.web.servlet.DispatcherServlet        : Completed initialization in 1 ms
2026-07-09T22:37:40.759+07:00  WARN 592 --- [vehicle-service] [nio-8083-exec-1] .w.s.m.s.DefaultHandlerExceptionResolver : Resolved [org.springframework.http.converter.HttpMessageNotReadableException: JSON parse error: Unexpected character ('a' (code 97)): was expecting double-quote to start field name]
2026-07-09T22:37:40.809+07:00  WARN 592 --- [vehicle-service] [nio-8083-exec-2] .w.s.m.s.DefaultHandlerExceptionResolver : Resolved [org.springframework.http.converter.HttpMessageNotReadableException: JSON parse error: Unexpected character ('a' (code 97)): was expecting double-quote to start field name]
2026-07-09T22:38:31.962+07:00  WARN 592 --- [vehicle-service] [nio-8083-exec-4] .w.s.m.s.DefaultHandlerExceptionResolver : Resolved [org.springframework.http.converter.HttpMessageNotReadableException: JSON parse error: Unexpected character ('a' (code 97)): was expecting double-quote to start field name]
2026-07-09T22:38:31.990+07:00  WARN 592 --- [vehicle-service] [nio-8083-exec-6] .w.s.m.s.DefaultHandlerExceptionResolver : Resolved [org.springframework.http.converter.HttpMessageNotReadableException: JSON parse error: Unexpected character ('a' (code 97)): was expecting double-quote to start field name]
^C